[NX Daemon Server] - 2024-06-13T02:07:21.346Z - Started listening on: /var/folders/b5/fxdc0cbs7_bfbghvqvmf9gxr0000gn/T/40964065d0fe1853a226/d.sock
[NX Daemon Server] - 2024-06-13T02:07:21.347Z - [WATCHER]: Subscribed to changes within: /Users/sullemanhossam/Desktop/Tools/purrspective (native)
[NX Daemon Server] - 2024-06-13T02:07:21.353Z - Established a connection. Number of open connections: 1
[NX Daemon Server] - 2024-06-13T02:07:21.353Z - Established a connection. Number of open connections: 2
[NX Daemon Server] - 2024-06-13T02:07:21.354Z - Closed a connection. Number of open connections: 1
[NX Daemon Server] - 2024-06-13T02:07:21.354Z - [REQUEST]: Client Request for Project Graph Received
[NX Daemon Server] - 2024-06-13T02:07:21.385Z - [REQUEST]: Updated workspace context based on watched changes, recomputing project graph...
[NX Daemon Server] - 2024-06-13T02:07:21.385Z - [REQUEST]: 
[NX Daemon Server] - 2024-06-13T02:07:21.385Z - [REQUEST]: 
go: cannot load module apps/api listed in go.work file: open apps/api/go.mod: no such file or directory
go: cannot load module libs/data-access listed in go.work file: open libs/data-access/go.mod: no such file or directory
go: cannot load module libs/gql listed in go.work file: open libs/gql/go.mod: no such file or directory
[NX Daemon Server] - 2024-06-13T02:07:21.436Z - Error detected when creating a project graph: Failed to create project graph. See above for errors
[NX Daemon Server] - 2024-06-13T02:07:21.436Z - [REQUEST]: Responding to the client with an error. Error when preparing serialized project graph. Failed to process project graph. Run "nx reset" to fix this. Please report the issue if you keep seeing it.
Failed to process project graph. Run "nx reset" to fix this. Please report the issue if you keep seeing it.
  The "@nx-go/nx-go" plugin threw an error while creating dependencies:
    Error: Command failed: go list -m -json
    go: cannot load module apps/api listed in go.work file: open apps/api/go.mod: no such file or directory
    go: cannot load module libs/data-access listed in go.work file: open libs/data-access/go.mod: no such file or directory
    go: cannot load module libs/gql listed in go.work file: open libs/gql/go.mod: no such file or directory
    
        at genericNodeError (node:internal/errors:984:15)
        at wrappedFn (node:internal/errors:538:14)
        at checkExecSyncError (node:child_process:890:11)
        at execSync (node:child_process:962:15)
        at getGoModules (/Users/sullemanhossam/Desktop/Tools/purrspective/.nx/installation/node_modules/@nx-go/nx-go/src/graph/create-dependencies.js:14:49)
        at /Users/sullemanhossam/Desktop/Tools/purrspective/.nx/installation/node_modules/@nx-go/nx-go/src/graph/create-dependencies.js:92:25
        at Generator.next (<anonymous>)
        at /Users/sullemanhossam/Desktop/Tools/purrspective/.nx/installation/node_modules/tslib/tslib.js:169:75
        at new Promise (<anonymous>)
        at Object.__awaiter (/Users/sullemanhossam/Desktop/Tools/purrspective/.nx/installation/node_modules/tslib/tslib.js:165:16)
[NX Daemon Server] - 2024-06-13T02:07:21.436Z - Done responding to the client null
[NX Daemon Server] - 2024-06-13T02:07:21.437Z - Handled REQUEST_PROJECT_GRAPH. Handling time: 82. Response time: 1.
[NX Daemon Server] - 2024-06-13T02:07:21.437Z - Time taken for 'Load Nx Plugin: /Users/sullemanhossam/Desktop/Tools/purrspective/.nx/installation/node_modules/nx/src/plugins/project-json/build-nodes/package-json-next-to-project-json' 29.87375ms
[NX Daemon Server] - 2024-06-13T02:07:21.437Z - Closed a connection. Number of open connections: 0
[NX Daemon Server] - 2024-06-13T02:07:58.895Z - Established a connection. Number of open connections: 1
[NX Daemon Server] - 2024-06-13T02:07:58.897Z - Established a connection. Number of open connections: 2
[NX Daemon Server] - 2024-06-13T02:07:58.897Z - Closed a connection. Number of open connections: 1
[NX Daemon Server] - 2024-06-13T02:07:58.900Z - [REQUEST]: Client Request for Project Graph Received
[NX Daemon Server] - 2024-06-13T02:07:58.901Z - [REQUEST]: Updated workspace context based on watched changes, recomputing project graph...
[NX Daemon Server] - 2024-06-13T02:07:58.901Z - [REQUEST]: 
[NX Daemon Server] - 2024-06-13T02:07:58.901Z - [REQUEST]: 
go: cannot load module apps/api listed in go.work file: open apps/api/go.mod: no such file or directory
go: cannot load module libs/data-access listed in go.work file: open libs/data-access/go.mod: no such file or directory
go: cannot load module libs/gql listed in go.work file: open libs/gql/go.mod: no such file or directory
[NX Daemon Server] - 2024-06-13T02:07:58.944Z - Error detected when creating a project graph: Failed to create project graph. See above for errors
[NX Daemon Server] - 2024-06-13T02:07:58.944Z - [REQUEST]: Responding to the client with an error. Error when preparing serialized project graph. Failed to process project graph. Run "nx reset" to fix this. Please report the issue if you keep seeing it.
Failed to process project graph. Run "nx reset" to fix this. Please report the issue if you keep seeing it.
  The "@nx-go/nx-go" plugin threw an error while creating dependencies:
    Error: Command failed: go list -m -json
    go: cannot load module apps/api listed in go.work file: open apps/api/go.mod: no such file or directory
    go: cannot load module libs/data-access listed in go.work file: open libs/data-access/go.mod: no such file or directory
    go: cannot load module libs/gql listed in go.work file: open libs/gql/go.mod: no such file or directory
    
        at genericNodeError (node:internal/errors:984:15)
        at wrappedFn (node:internal/errors:538:14)
        at checkExecSyncError (node:child_process:890:11)
        at execSync (node:child_process:962:15)
        at getGoModules (/Users/sullemanhossam/Desktop/Tools/purrspective/.nx/installation/node_modules/@nx-go/nx-go/src/graph/create-dependencies.js:14:49)
        at /Users/sullemanhossam/Desktop/Tools/purrspective/.nx/installation/node_modules/@nx-go/nx-go/src/graph/create-dependencies.js:92:25
        at Generator.next (<anonymous>)
        at /Users/sullemanhossam/Desktop/Tools/purrspective/.nx/installation/node_modules/tslib/tslib.js:169:75
        at new Promise (<anonymous>)
        at Object.__awaiter (/Users/sullemanhossam/Desktop/Tools/purrspective/.nx/installation/node_modules/tslib/tslib.js:165:16)
[NX Daemon Server] - 2024-06-13T02:07:58.944Z - Done responding to the client null
[NX Daemon Server] - 2024-06-13T02:07:58.944Z - Handled REQUEST_PROJECT_GRAPH. Handling time: 44. Response time: 0.
[NX Daemon Server] - 2024-06-13T02:07:58.944Z - Time taken for 'hash changed files from watcher' 0.0029580000045825727ms
[NX Daemon Server] - 2024-06-13T02:07:58.945Z - Closed a connection. Number of open connections: 0
[NX Daemon Server] - 2024-06-13T02:08:54.758Z - [WATCHER]: Processing file changes in outputs
[NX Daemon Server] - 2024-06-13T02:08:54.762Z - [WATCHER]: 11 file(s) created or restored, 5 file(s) modified, 0 file(s) deleted
[NX Daemon Server] - 2024-06-13T02:08:54.879Z - [REQUEST]: Updated workspace context based on watched changes, recomputing project graph...
[NX Daemon Server] - 2024-06-13T02:08:54.880Z - [REQUEST]: libs/data-access/project.json,libs/gql/graph/resolver.go,libs/data-access/data-access.go,libs/data-access/data-access_test.go,libs/gql/gqlgen.yml,libs/gql/graph/model/models_gen.go,libs/gql/graph/schema.graphqls,libs/gql/project.json,libs/gql/gql_test.go,libs/data-access/go.mod,libs/gql/graph/schema.resolvers.go,libs/gql/go.mod,libs/gql/tools.go,libs/gql/gql.go,libs/gql/go.sum,libs/gql/graph/generated.go
[NX Daemon Server] - 2024-06-13T02:08:54.880Z - [REQUEST]: 
go: cannot load module apps/api listed in go.work file: open apps/api/go.mod: no such file or directory
[NX Daemon Server] - 2024-06-13T02:08:54.903Z - Error detected when creating a project graph: Failed to create project graph. See above for errors
[NX Daemon Server] - 2024-06-13T02:08:54.903Z - Time taken for 'hash changed files from watcher' 12.91620900000271ms
[NX Daemon Server] - 2024-06-13T02:08:59.778Z - [WATCHER]: .DS_Store was modified
[NX Daemon Server] - 2024-06-13T02:08:59.779Z - [WATCHER]: Processing file changes in outputs
[NX Daemon Server] - 2024-06-13T02:08:59.981Z - [REQUEST]: Updated workspace context based on watched changes, recomputing project graph...
[NX Daemon Server] - 2024-06-13T02:08:59.982Z - [REQUEST]: .DS_Store
[NX Daemon Server] - 2024-06-13T02:08:59.982Z - [REQUEST]: 
go: cannot load module apps/api listed in go.work file: open apps/api/go.mod: no such file or directory
[NX Daemon Server] - 2024-06-13T02:09:00.032Z - Error detected when creating a project graph: Failed to create project graph. See above for errors
[NX Daemon Server] - 2024-06-13T02:09:00.033Z - Time taken for 'hash changed files from watcher' 1.1130419999972219ms
[NX Daemon Server] - 2024-06-13T02:09:15.628Z - [WATCHER]: go.work was modified
[NX Daemon Server] - 2024-06-13T02:09:15.629Z - [WATCHER]: Processing file changes in outputs
[NX Daemon Server] - 2024-06-13T02:09:16.030Z - [REQUEST]: Updated workspace context based on watched changes, recomputing project graph...
[NX Daemon Server] - 2024-06-13T02:09:16.031Z - [REQUEST]: go.work
[NX Daemon Server] - 2024-06-13T02:09:16.031Z - [REQUEST]: 
[NX Daemon Server] - 2024-06-13T02:09:16.063Z - Time taken for 'hash changed files from watcher' 0.5521670000016456ms
[NX Daemon Server] - 2024-06-13T02:09:28.731Z - [WATCHER]: go.work was modified
[NX Daemon Server] - 2024-06-13T02:09:28.732Z - [WATCHER]: Processing file changes in outputs
[NX Daemon Server] - 2024-06-13T02:09:29.535Z - [REQUEST]: Updated workspace context based on watched changes, recomputing project graph...
[NX Daemon Server] - 2024-06-13T02:09:29.535Z - [REQUEST]: go.work
[NX Daemon Server] - 2024-06-13T02:09:29.535Z - [REQUEST]: 
[NX Daemon Server] - 2024-06-13T02:09:29.550Z - Time taken for 'hash changed files from watcher' 0.5850829999981215ms
[NX Daemon Server] - 2024-06-13T02:09:35.242Z - [WATCHER]: libs/gql was deleted
[NX Daemon Server] - 2024-06-13T02:09:35.243Z - [WATCHER]: Processing file changes in outputs
[NX Daemon Server] - 2024-06-13T02:09:36.844Z - [REQUEST]: Updated workspace context based on watched changes, recomputing project graph...
[NX Daemon Server] - 2024-06-13T02:09:36.845Z - [REQUEST]: 
[NX Daemon Server] - 2024-06-13T02:09:36.845Z - [REQUEST]: libs/gql
[NX Daemon Server] - 2024-06-13T02:09:36.881Z - Time taken for 'hash changed files from watcher' 0.2419579999987036ms
[NX Daemon Server] - 2024-06-13T02:09:53.997Z - [WATCHER]: note was created or restored
[NX Daemon Server] - 2024-06-13T02:09:53.998Z - [WATCHER]: Processing file changes in outputs
[NX Daemon Server] - 2024-06-13T02:09:54.099Z - [REQUEST]: Updated workspace context based on watched changes, recomputing project graph...
[NX Daemon Server] - 2024-06-13T02:09:54.099Z - [REQUEST]: note
[NX Daemon Server] - 2024-06-13T02:09:54.099Z - [REQUEST]: 
[NX Daemon Server] - 2024-06-13T02:09:54.121Z - Time taken for 'hash changed files from watcher' 0.31124999999883585ms
[NX Daemon Server] - 2024-06-13T02:10:08.374Z - [WATCHER]: note was modified
[NX Daemon Server] - 2024-06-13T02:10:08.376Z - [WATCHER]: Processing file changes in outputs
[NX Daemon Server] - 2024-06-13T02:10:08.578Z - [REQUEST]: Updated workspace context based on watched changes, recomputing project graph...
[NX Daemon Server] - 2024-06-13T02:10:08.579Z - [REQUEST]: note
[NX Daemon Server] - 2024-06-13T02:10:08.579Z - [REQUEST]: 
[NX Daemon Server] - 2024-06-13T02:10:08.590Z - Time taken for 'hash changed files from watcher' 0.8194579999835696ms
[NX Daemon Server] - 2024-06-13T02:11:06.656Z - [WATCHER]: note was modified
[NX Daemon Server] - 2024-06-13T02:11:06.657Z - [WATCHER]: Processing file changes in outputs
[NX Daemon Server] - 2024-06-13T02:11:07.061Z - [REQUEST]: Updated workspace context based on watched changes, recomputing project graph...
[NX Daemon Server] - 2024-06-13T02:11:07.061Z - [REQUEST]: note
[NX Daemon Server] - 2024-06-13T02:11:07.061Z - [REQUEST]: 
[NX Daemon Server] - 2024-06-13T02:11:07.078Z - Time taken for 'hash changed files from watcher' 0.7851669999945443ms
[NX Daemon Server] - 2024-06-13T02:18:19.555Z - [WATCHER]: .DS_Store was modified
[NX Daemon Server] - 2024-06-13T02:18:19.557Z - [WATCHER]: Processing file changes in outputs
[NX Daemon Server] - 2024-06-13T02:18:20.362Z - [REQUEST]: Updated workspace context based on watched changes, recomputing project graph...
[NX Daemon Server] - 2024-06-13T02:18:20.362Z - [REQUEST]: .DS_Store
[NX Daemon Server] - 2024-06-13T02:18:20.362Z - [REQUEST]: 
[NX Daemon Server] - 2024-06-13T02:18:20.380Z - Time taken for 'hash changed files from watcher' 3.852582999970764ms
[NX Daemon Server] - 2024-06-13T05:19:52.896Z - [WATCHER]: Stopping the watcher for /Users/sullemanhossam/Desktop/Tools/purrspective (sources)
[NX Daemon Server] - 2024-06-13T05:19:52.902Z - [WATCHER]: Stopping the watcher for /Users/sullemanhossam/Desktop/Tools/purrspective (outputs)
[NX Daemon Server] - 2024-06-13T05:19:52.902Z - Server stopped because: "10800000ms of inactivity"
